2022-10-16 11:17:55.504  INFO 45352 --- [restartedMain] c.n.sqlite.SpringDataSqliteApplication   : Starting SpringDataSqliteApplication on appledeMacBook-Air.local with PID 45352 (/Users/apple/Documents/JavaPrograme/iceChat/target/classes started by apple in /Users/apple/Documents/JavaPrograme/iceChat)
2022-10-16 11:17:55.508  INFO 45352 --- [restartedMain] c.n.sqlite.SpringDataSqliteApplication   : No active profile set, falling back to default profiles: default
2022-10-16 11:17:55.557  INFO 45352 --- [restartedMain] .e.DevToolsPropertyDefaultsPostProcessor : Devtools property defaults active! Set 'spring.devtools.add-properties' to 'false' to disable
2022-10-16 11:17:55.557  INFO 45352 --- [restartedMain] .e.DevToolsPropertyDefaultsPostProcessor : For additional web related logging consider setting the 'logging.level.web' property to 'DEBUG'
2022-10-16 11:17:56.207  WARN 45352 --- [restartedMain] o.m.s.mapper.ClassPathMapperScanner      : No MyBatis mapper was found in '[com.ninespace.sqlite]' package. Please check your configuration.
2022-10-16 11:17:56.255  INFO 45352 --- [restartedMain] .s.d.r.c.RepositoryConfigurationDelegate : Multiple Spring Data modules found, entering strict repository configuration mode!
2022-10-16 11:17:56.257  INFO 45352 --- [restartedMain] .s.d.r.c.RepositoryConfigurationDelegate : Bootstrapping Spring Data Redis repositories in DEFAULT mode.
2022-10-16 11:17:56.277  INFO 45352 --- [restartedMain] .s.d.r.c.RepositoryConfigurationDelegate : Finished Spring Data repository scanning in 8ms. Found 0 Redis repository interfaces.
2022-10-16 11:17:56.774  INFO 45352 --- [restartedMain] o.s.b.w.embedded.tomcat.TomcatWebServer  : Tomcat initialized with port(s): 9090 (http)
2022-10-16 11:17:56.781  INFO 45352 --- [restartedMain] o.apache.catalina.core.StandardService   : Starting service [Tomcat]
2022-10-16 11:17:56.782  INFO 45352 --- [restartedMain] org.apache.catalina.core.StandardEngine  : Starting Servlet engine: [Apache Tomcat/9.0.41]
2022-10-16 11:17:56.830  INFO 45352 --- [restartedMain] o.a.c.c.C.[Tomcat].[localhost].[/]       : Initializing Spring embedded WebApplicationContext
2022-10-16 11:17:56.830  INFO 45352 --- [restartedMain] w.s.c.ServletWebServerApplicationContext : Root WebApplicationContext: initialization completed in 1273 ms
2022-10-16 11:17:57.673  INFO 45352 --- [restartedMain] pertySourcedRequestMappingHandlerMapping : Mapped URL path [/v2/api-docs] onto method [springfox.documentation.swagger2.web.Swagger2ControllerWebMvc#getDocumentation(String, HttpServletRequest)]
2022-10-16 11:17:57.744  INFO 45352 --- [restartedMain] o.s.s.concurrent.ThreadPoolTaskExecutor  : Initializing ExecutorService 'applicationTaskExecutor'
2022-10-16 11:17:57.769  INFO 45352 --- [restartedMain] o.s.b.d.a.OptionalLiveReloadServer       : LiveReload server is running on port 35729
2022-10-16 11:17:57.929  INFO 45352 --- [restartedMain] o.s.s.c.ThreadPoolTaskScheduler          : Initializing ExecutorService 'taskScheduler'
2022-10-16 11:17:57.991  INFO 45352 --- [restartedMain] o.s.b.w.embedded.tomcat.TomcatWebServer  : Tomcat started on port(s): 9090 (http) with context path ''
2022-10-16 11:17:57.991  INFO 45352 --- [restartedMain] d.s.w.p.DocumentationPluginsBootstrapper : Documentation plugins bootstrapped
2022-10-16 11:17:57.993  INFO 45352 --- [restartedMain] d.s.w.p.DocumentationPluginsBootstrapper : Found 1 custom documentation plugin(s)
2022-10-16 11:17:58.007  INFO 45352 --- [restartedMain] s.d.s.w.s.ApiListingReferenceScanner     : Scanning for api listing references
2022-10-16 11:17:58.064  INFO 45352 --- [restartedMain] .d.s.w.r.o.CachingOperationNameGenerator : Generating unique operation named: addFriendByIdUsingGET_1
2022-10-16 11:17:58.066  INFO 45352 --- [restartedMain] .d.s.w.r.o.CachingOperationNameGenerator : Generating unique operation named: getFriendByUserIdUsingGET_1
2022-10-16 11:17:58.095  INFO 45352 --- [restartedMain] c.n.sqlite.SpringDataSqliteApplication   : Started SpringDataSqliteApplication in 2.898 seconds (JVM running for 4.369)
2022-10-16 11:18:00.047 ERROR 45352 --- [scheduling-1] com.alibaba.druid.pool.DruidDataSource   : testWhileIdle is true, validationQuery not set
2022-10-16 11:18:00.055  INFO 45352 --- [scheduling-1] com.alibaba.druid.pool.DruidDataSource   : {dataSource-1} inited
2022-10-16 11:20:00.630  INFO 45352 --- [http-nio-9090-exec-1] o.a.c.c.C.[Tomcat].[localhost].[/]       : Initializing Spring DispatcherServlet 'dispatcherServlet'
2022-10-16 11:20:00.634  INFO 45352 --- [http-nio-9090-exec-1] o.s.web.servlet.DispatcherServlet        : Initializing Servlet 'dispatcherServlet'
2022-10-16 11:20:00.654  INFO 45352 --- [http-nio-9090-exec-1] o.s.web.servlet.DispatcherServlet        : Completed initialization in 20 ms
2022-10-16 11:21:10.593  INFO 45352 --- [http-nio-9090-exec-10] c.n.s.configuration.WebSocketServer      : 有新用户加入，username=2, 当前在线人数为：1
2022-10-16 11:21:10.600  INFO 45352 --- [http-nio-9090-exec-10] c.n.s.configuration.WebSocketServer      : 服务端给客户端[0]发送消息{"users":[{"username":"2"}]}
2022-10-16 11:21:15.529  INFO 45352 --- [http-nio-9090-exec-3] c.n.s.configuration.WebSocketServer      : 有一连接关闭，移除username=2的用户session, 当前在线人数为：0
2022-10-16 11:21:15.535  INFO 45352 --- [http-nio-9090-exec-5] c.n.s.configuration.WebSocketServer      : 有新用户加入，username=2, 当前在线人数为：1
2022-10-16 11:21:15.535  INFO 45352 --- [http-nio-9090-exec-5] c.n.s.configuration.WebSocketServer      : 服务端给客户端[1]发送消息{"users":[{"username":"2"}]}
2022-10-16 11:21:19.079  INFO 45352 --- [http-nio-9090-exec-4] c.n.s.configuration.WebSocketServer      : 有一连接关闭，移除username=2的用户session, 当前在线人数为：0
2022-10-16 11:21:19.084  INFO 45352 --- [http-nio-9090-exec-2] c.n.s.configuration.WebSocketServer      : 有新用户加入，username=2, 当前在线人数为：1
2022-10-16 11:21:19.085  INFO 45352 --- [http-nio-9090-exec-2] c.n.s.configuration.WebSocketServer      : 服务端给客户端[2]发送消息{"users":[{"username":"2"}]}
2022-10-16 11:21:27.014  INFO 45352 --- [http-nio-9090-exec-3] c.n.s.configuration.WebSocketServer      : 有一连接关闭，移除username=2的用户session, 当前在线人数为：0
2022-10-16 11:21:27.707  INFO 45352 --- [http-nio-9090-exec-4] c.n.s.configuration.WebSocketServer      : 有新用户加入，username=2, 当前在线人数为：1
2022-10-16 11:21:27.707  INFO 45352 --- [http-nio-9090-exec-4] c.n.s.configuration.WebSocketServer      : 服务端给客户端[3]发送消息{"users":[{"username":"2"}]}
2022-10-16 11:21:31.811  INFO 45352 --- [http-nio-9090-exec-7] c.n.s.configuration.WebSocketServer      : 有新用户加入，username=2, 当前在线人数为：1
2022-10-16 11:21:31.812  INFO 45352 --- [http-nio-9090-exec-7] c.n.s.configuration.WebSocketServer      : 服务端给客户端[4]发送消息{"users":[{"username":"2"}]}
2022-10-16 11:21:33.278  INFO 45352 --- [http-nio-9090-exec-8] c.n.s.configuration.WebSocketServer      : 有一连接关闭，移除username=2的用户session, 当前在线人数为：0
2022-10-16 11:21:33.282  INFO 45352 --- [http-nio-9090-exec-6] c.n.s.configuration.WebSocketServer      : 有新用户加入，username=2, 当前在线人数为：1
2022-10-16 11:21:33.282  INFO 45352 --- [http-nio-9090-exec-6] c.n.s.configuration.WebSocketServer      : 服务端给客户端[5]发送消息{"users":[{"username":"2"}]}
2022-10-16 11:21:34.779  INFO 45352 --- [http-nio-9090-exec-4] c.n.s.configuration.WebSocketServer      : 有一连接关闭，移除username=2的用户session, 当前在线人数为：0
2022-10-16 11:21:34.784  INFO 45352 --- [http-nio-9090-exec-7] c.n.s.configuration.WebSocketServer      : 有新用户加入，username=2, 当前在线人数为：1
2022-10-16 11:21:34.784  INFO 45352 --- [http-nio-9090-exec-7] c.n.s.configuration.WebSocketServer      : 服务端给客户端[6]发送消息{"users":[{"username":"2"}]}
2022-10-16 11:21:36.446  INFO 45352 --- [http-nio-9090-exec-9] c.n.s.configuration.WebSocketServer      : 有一连接关闭，移除username=2的用户session, 当前在线人数为：0
2022-10-16 11:21:36.450  INFO 45352 --- [http-nio-9090-exec-6] c.n.s.configuration.WebSocketServer      : 有新用户加入，username=2, 当前在线人数为：1
2022-10-16 11:21:36.450  INFO 45352 --- [http-nio-9090-exec-6] c.n.s.configuration.WebSocketServer      : 服务端给客户端[7]发送消息{"users":[{"username":"2"}]}
2022-10-16 11:21:37.812  INFO 45352 --- [http-nio-9090-exec-8] c.n.s.configuration.WebSocketServer      : 有一连接关闭，移除username=2的用户session, 当前在线人数为：0
2022-10-16 11:21:37.818  INFO 45352 --- [http-nio-9090-exec-7] c.n.s.configuration.WebSocketServer      : 有新用户加入，username=2, 当前在线人数为：1
2022-10-16 11:21:37.818  INFO 45352 --- [http-nio-9090-exec-7] c.n.s.configuration.WebSocketServer      : 服务端给客户端[8]发送消息{"users":[{"username":"2"}]}
2022-10-16 11:21:47.935 ERROR 45352 --- [http-nio-9090-exec-5] c.n.s.configuration.WebSocketServer      : 发生错误
2022-10-16 11:21:47.944 ERROR 45352 --- [http-nio-9090-exec-1] c.n.s.configuration.WebSocketServer      : 发生错误
2022-10-16 11:21:47.960  INFO 45352 --- [http-nio-9090-exec-1] c.n.s.configuration.WebSocketServer      : 有一连接关闭，移除username=2的用户session, 当前在线人数为：0
2022-10-16 11:21:47.960  INFO 45352 --- [http-nio-9090-exec-5] c.n.s.configuration.WebSocketServer      : 有一连接关闭，移除username=2的用户session, 当前在线人数为：0
2022-10-16 12:09:45.655  INFO 45352 --- [SpringContextShutdownHook] o.s.s.c.ThreadPoolTaskScheduler          : Shutting down ExecutorService 'taskScheduler'
2022-10-16 12:09:45.659  INFO 45352 --- [SpringContextShutdownHook] o.s.s.concurrent.ThreadPoolTaskExecutor  : Shutting down ExecutorService 'applicationTaskExecutor'
2022-10-16 12:09:45.663  INFO 45352 --- [SpringContextShutdownHook] com.alibaba.druid.pool.DruidDataSource   : {dataSource-1} closing ...
2022-10-16 12:09:45.667  INFO 45352 --- [SpringContextShutdownHook] com.alibaba.druid.pool.DruidDataSource   : {dataSource-1} closed
